Pre-computing smallest completions...
Smallest completions done (took 5 milliseconds).
Running BestTrees version 2...
top(s-top\/nohead(np-sb\/sg(pposat-hd-nom.sg.neut(ihr) nn-hd-nom.sg.neut(größte)) vp-oc\/inf(vvinf-hd(hoffen))) \$.(?)) # 29.385503
top(s-top\/nohead(np-sb\/sg(pposat-hd-nom.sg.neut(ihr) nn-hd-nom.sg.neut(größte)) vp-oc\/inf(np-oa(nn-hd-acc.sg.fem(hoffnung)) vvinf-hd(geben))) \$.(?)) # 30.851299
top(s-top\/nohead(np-sb\/sg(pposat-hd-nom.sg.neut(ihr) nn-hd-nom.sg.neut(größte)) vp-oc\/inf(pp-op\/v(proav-ph(darauf)) vvinf-hd(hoffen))) \$.(?)) # 30.866266
top(s-top\/nohead(np-sb\/sg(pposat-hd-nom.sg.neut(ihr) nn-hd-nom.sg.neut(größte)) vp-oc\/inf(vvinf-hd(wünschen))) \$.(?)) # 31.014211
top(s-top\/nohead(np-sb\/sg(pposat-hd-nom.sg.neut(ihr) nn-hd-nom.sg.neut(größte)) vp-oc\/inf(np-oa(nn-hd-acc.sg.fem(hoffnung)) vvinf-hd(schöpfen))) \$.(?)) # 31.660049
top(s-top\/nohead(np-sb\/sg(pposat-hd-nom.sg.neut(ihr) nn-hd-nom.sg.neut(größte)) vp-oc\/inf(vvinf-hd(erwarten))) \$.(?)) # 31.669862
top(s-top\/nohead(np-sb\/sg(pposat-hd-nom.sg.neut(ihr) nn-hd-nom.sg.neut(wichtigste)) vp-oc\/inf(vvinf-hd(hoffen))) \$.(?)) # 32.078678
top(s-top\/nohead(np-sb\/sg(pposat-hd-nom.sg.neut(ihr) nn-hd-nom.sg.neut(beste)) vp-oc\/inf(vvinf-hd(hoffen))) \$.(?)) # 32.296773
top(s-top\/nohead(np-sb\/sg(pposat-hd-nom.sg.neut(ihr) nn-hd-nom.sg.neut(größte)) vp-oc\/inf(np-oa(art-hd-acc.sg.fem(die) nn-hd-acc.sg.fem(hoffnung)) vvinf-hd(hegen))) \$.(?)) # 32.397961
top(s-top\/nohead(np-sb\/sg(pposat-hd-nom.sg.neut(ihr) nn-hd-nom.sg.neut(wichtigste)) vp-oc\/inf(np-oa(nn-hd-acc.sg.fem(hoffnung)) vvinf-hd(geben))) \$.(?)) # 33.544474
top(s-top\/nohead(np-sb\/sg(pposat-hd-nom.sg.neut(ihr) nn-hd-nom.sg.neut(wichtigste)) vp-oc\/inf(pp-op\/v(proav-ph(darauf)) vvinf-hd(hoffen))) \$.(?)) # 33.559441
top(s-top\/nohead(np-sb\/sg(pposat-hd-nom.sg.neut(ihr) nn-hd-nom.sg.neut(wichtigste)) vp-oc\/inf(vvinf-hd(wünschen))) \$.(?)) # 33.707385
top(s-top\/nohead(np-sb\/sg(pposat-hd-nom.sg.neut(ihr) nn-hd-nom.sg.neut(beste)) vp-oc\/inf(np-oa(nn-hd-acc.sg.fem(hoffnung)) vvinf-hd(geben))) \$.(?)) # 33.762569
top(s-top\/nohead(np-sb\/sg(pposat-hd-nom.sg.neut(ihr) nn-hd-nom.sg.neut(beste)) vp-oc\/inf(pp-op\/v(proav-ph(darauf)) vvinf-hd(hoffen))) \$.(?)) # 33.777535
top(s-top\/nohead(np-sb\/sg(pposat-hd-nom.sg.neut(ihr) nn-hd-nom.sg.neut(beste)) vp-oc\/inf(vvinf-hd(wünschen))) \$.(?)) # 33.925480
top(s-top\/nohead(np-sb\/sg(pposat-hd-nom.sg.neut(ihr) nn-hd-nom.sg.neut(größte)) vp-oc\/inf(vvinf-hd(hoffen))) \$.(.)) # 33.946121
top(s-top\/nohead(np-sb\/sg(pposat-hd-nom.sg.neut(ihr) nn-hd-nom.sg.neut(wichtigste)) vp-oc\/inf(np-oa(nn-hd-acc.sg.fem(hoffnung)) vvinf-hd(schöpfen))) \$.(?)) # 34.353224
top(s-top\/nohead(np-sb\/sg(pposat-hd-nom.sg.neut(ihr) nn-hd-nom.sg.neut(wichtigste)) vp-oc\/inf(vvinf-hd(erwarten))) \$.(?)) # 34.363036
top(s-top\/nohead(np-sb\/sg(pposat-hd-nom.sg.neut(ihr) nn-hd-nom.sg.neut(beste)) vp-oc\/inf(np-oa(nn-hd-acc.sg.fem(hoffnung)) vvinf-hd(schöpfen))) \$.(?)) # 34.571318
top(s-top\/nohead(np-sb\/sg(pposat-hd-nom.sg.neut(ihr) nn-hd-nom.sg.neut(beste)) vp-oc\/inf(vvinf-hd(erwarten))) \$.(?)) # 34.581131
BestTrees version 2 took 22 milliseconds
