Dequeues tree 
Tree: adja-hd-pos.acc.sg.fem(hohe) 
RunWeight: 2.991087 
Delta weight: 102.378274 
Resulting state: jj[3,3]_jj_adja-hd-pos.acc.sg.fem
For rule 
jj[3,3]_jj_adja-hd-pos.acc.sg.fem -> adja-hd-pos.acc.sg.fem(hohe) # 2.991087

Dequeues tree 
Tree: art-hd-acc.sg.fem(eine) 
RunWeight: 1.164003 
Delta weight: 102.378274 
Resulting state: dt[2,2]_dt_art-hd-acc.sg.fem
For rule 
dt[2,2]_dt_art-hd-acc.sg.fem -> art-hd-acc.sg.fem(eine) # 1.164003

Dequeues tree 
Tree: nn-hd-acc.sg.fem(zahl) 
RunWeight: 3.355746 
Delta weight: 102.378274 
Resulting state: nn[4,4]_nn_nn-hd-acc.sg.fem
For rule 
nn[4,4]_nn_nn-hd-acc.sg.fem -> nn-hd-acc.sg.fem(zahl) # 3.355746

Dequeues tree 
Tree: art-hd-dat.sg.fem(der) 
RunWeight: .854616 
Delta weight: 102.378274 
Resulting state: dt[8,8]_dt_art-hd-dat.sg.fem
For rule 
dt[8,8]_dt_art-hd-dat.sg.fem -> art-hd-dat.sg.fem(der) # .854616

Dequeues tree 
Tree: art-hd-gen.pl.masc(der) 
RunWeight: 1.211019 
Delta weight: 102.378274 
Resulting state: in[5,5]_in_art-hd-gen.pl.masc
For rule 
in[5,5]_in_art-hd-gen.pl.masc -> art-hd-gen.pl.masc(der) # 1.211019

Dequeues tree 
Tree: nn-hd-gen.pl.masc(teilnehmer) 
RunWeight: 3.956403 
Delta weight: 102.378274 
Resulting state: np[6,6]_np_nn-hd-gen.pl.masc
For rule 
np[6,6]_np_nn-hd-gen.pl.masc -> nn-hd-gen.pl.masc(teilnehmer) # 3.956403

Dequeues tree 
Tree: pp-mnr\/n(appr-ac\/dat\/in(in) art-hd-dat.sg.fem(der) nn-hd-dat.sg.fem(bevölkerung)) 
RunWeight: 8.717230 
Delta weight: 102.378274 
Resulting state: pp[7,9]_pp_pp-mnr\/n
For rule 
pp[7,9]_pp_pp-mnr\/n -> pp-mnr\/n(appr-ac\/dat\/in(in) dt[8,8]_dt_art-hd-dat.sg.fem nn-hd-dat.sg.fem(bevölkerung)) # 7.862615

Dequeues tree 
Tree: np-ag(art-hd-gen.pl.masc(der) nn-hd-gen.pl.masc(teilnehmer) pp-mnr\/n(appr-ac\/dat\/in(in) art-hd-dat.sg.fem(der) nn-hd-dat.sg.fem(bevölkerung))) 
RunWeight: 18.073438 
Delta weight: 102.378274 
Resulting state: pp[5,9]_pp_np-ag
For rule 
pp[5,9]_pp_np-ag -> np-ag(in[5,5]_in_art-hd-gen.pl.masc np[6,6]_np_nn-hd-gen.pl.masc pp[7,9]_pp_pp-mnr\/n) # 4.188785

Dequeues tree 
Tree: np-hd(art-hd-acc.sg.fem(eine) adja-hd-pos.acc.sg.fem(hohe) nn-hd-acc.sg.fem(zahl) np-ag(art-hd-gen.pl.masc(der) nn-hd-gen.pl.masc(teilnehmer) pp-mnr\/n(appr-ac\/dat\/in(in) art-hd-dat.sg.fem(der) nn-hd-dat.sg.fem(bevölkerung)))) 
RunWeight: 29.008443 
Delta weight: 102.378274 
Resulting state: np[2,9]_np_np-hd
For rule 
np[2,9]_np_np-hd -> np-hd(dt[2,2]_dt_art-hd-acc.sg.fem jj[3,3]_jj_adja-hd-pos.acc.sg.fem nn[4,4]_nn_nn-hd-acc.sg.fem pp[5,9]_pp_np-ag) # 3.424170

Dequeues tree 
Tree: appr-ac\/dat\/von(von) 
RunWeight: 1.210445 
Delta weight: 102.417938 
Resulting state: in[5,5]_in_appr-ac\/dat\/von
For rule 
in[5,5]_in_appr-ac\/dat\/von -> appr-ac\/dat\/von(von) # 1.210445

Dequeues tree 
Tree: nn-hd-dat.pl.masc(teilnehmern) 
RunWeight: 4.070163 
Delta weight: 102.417938 
Resulting state: np[6,6]_np_nn-hd-dat.pl.masc
For rule 
np[6,6]_np_nn-hd-dat.pl.masc -> nn-hd-dat.pl.masc(teilnehmern) # 4.070163

Dequeues tree 
Tree: nn-hd-acc.sg.fem(anzahl) 
RunWeight: 3.418305 
Delta weight: 102.440833 
Resulting state: nn[4,4]_nn_nn-hd-acc.sg.fem
For rule 
nn[4,4]_nn_nn-hd-acc.sg.fem -> nn-hd-acc.sg.fem(anzahl) # 3.418305

Dequeues tree 
Tree: nn-hd-acc.sg.fem(reihe) 
RunWeight: 3.419374 
Delta weight: 102.441902 
Resulting state: nn[4,4]_nn_nn-hd-acc.sg.fem
For rule 
nn[4,4]_nn_nn-hd-acc.sg.fem -> nn-hd-acc.sg.fem(reihe) # 3.419374

Dequeues tree 
Tree: pp-mnr\/n(appr-ac\/dat\/in(in) art-hd-dat.sg.fem(der) nn-hd-dat.sg.fem(bevölkerung)) 
RunWeight: 9.590777 
Delta weight: 102.378274 
Resulting state: pp[7,9]_pp_pp-mnr\/n
For rule 
pp[7,9]_pp_pp-mnr\/n -> pp-mnr\/n(appr-ac\/dat\/in(in) art-hd-dat.sg.fem(der) nn-hd-dat.sg.fem(bevölkerung)) # 9.590777

Dequeues tree 
Tree: art-hd-dat.sg.fem(einer) 
RunWeight: 1.667695 
Delta weight: 103.587305 
Resulting state: dt[2,2]_dt_art-hd-dat.sg.fem
For rule 
dt[2,2]_dt_art-hd-dat.sg.fem -> art-hd-dat.sg.fem(einer) # 1.667695

Dequeues tree 
Tree: adja-hd-pos.dat.sg.fem(hoher) 
RunWeight: 3.268008 
Delta weight: 103.587305 
Resulting state: jj[3,3]_jj_adja-hd-pos.dat.sg.fem
For rule 
jj[3,3]_jj_adja-hd-pos.dat.sg.fem -> adja-hd-pos.dat.sg.fem(hoher) # 3.268008

Dequeues tree 
Tree: nn-hd-dat.sg.fem(zahl) 
RunWeight: 3.571186 
Delta weight: 103.587305 
Resulting state: nn[4,4]_nn_nn-hd-dat.sg.fem
For rule 
nn[4,4]_nn_nn-hd-dat.sg.fem -> nn-hd-dat.sg.fem(zahl) # 3.571186

Dequeues tree 
Tree: nn-hd-dat.sg.fem(anzahl) 
RunWeight: 3.613495 
Delta weight: 103.629613 
Resulting state: nn[4,4]_nn_nn-hd-dat.sg.fem
For rule 
nn[4,4]_nn_nn-hd-dat.sg.fem -> nn-hd-dat.sg.fem(anzahl) # 3.613495

Dequeues tree 
Tree: adja-hd-pos.dat.sg.fem(hohen) 
RunWeight: 3.371582 
Delta weight: 103.690879 
Resulting state: jj[3,3]_jj_adja-hd-pos.dat.sg.fem
For rule 
jj[3,3]_jj_adja-hd-pos.dat.sg.fem -> adja-hd-pos.dat.sg.fem(hohen) # 3.371582

Dequeues tree 
Tree: nn-hd-dat.sg.fem(reihe) 
RunWeight: 3.680517 
Delta weight: 103.696636 
Resulting state: nn[4,4]_nn_nn-hd-dat.sg.fem
For rule 
nn[4,4]_nn_nn-hd-dat.sg.fem -> nn-hd-dat.sg.fem(reihe) # 3.680517

Dequeues tree 
Tree: nn-hd-acc.sg.fem(nummer) 
RunWeight: 5.349825 
Delta weight: 104.372353 
Resulting state: nn[4,4]_nn_nn-hd-acc.sg.fem
For rule 
nn[4,4]_nn_nn-hd-acc.sg.fem -> nn-hd-acc.sg.fem(nummer) # 5.349825

Dequeues tree 
Tree: pp-pg\/n(appr-ac\/dat\/von(von) nn-hd-dat.pl.masc(teilnehmern) pp-mnr\/n(appr-ac\/dat\/in(in) art-hd-dat.sg.fem(der) nn-hd-dat.sg.fem(bevölkerung))) 
RunWeight: 17.346022 
Delta weight: 102.417938 
Resulting state: pp[5,9]_pp_pp-pg\/n
For rule 
pp[5,9]_pp_pp-pg\/n -> pp-pg\/n(in[5,5]_in_appr-ac\/dat\/von np[6,6]_np_nn-hd-dat.pl.masc pp[7,9]_pp_pp-mnr\/n) # 3.348184

Dequeues tree 
Tree: pp-pg\/n(appr-ac\/dat\/von(von) nn-hd-dat.pl.masc(teilnehmern) pp-mnr\/n(appr-ac\/dat\/in(in) art-hd-dat.sg.fem(der) nn-hd-dat.sg.fem(bevölkerung))) 
RunWeight: 19.812122 
Delta weight: 102.417938 
Resulting state: pp[5,9]_pp_pp-pg\/n
For rule 
pp[5,9]_pp_pp-pg\/n -> pp-pg\/n(appr-ac\/dat\/von(von) np[6,6]_np_nn-hd-dat.pl.masc pp[7,9]_pp_pp-mnr\/n) # 7.024728

Dequeues tree 
Tree: np-hd(art-hd-nom.sg.fem(eine) adja-hd-pos.nom.sg.fem(hohe) nn-hd-nom.sg.fem(zahl) pp-pg\/n(appr-ac\/dat\/von(von) nn-hd-dat.pl.masc(teilnehmern) pp-mnr\/n(appr-ac\/dat\/in(in) art-hd-dat.sg.fem(der) nn-hd-dat.sg.fem(bevölkerung)))) 
RunWeight: 29.048107 
Delta weight: 102.417938 
Resulting state: np[2,9]_np_np-hd
For rule 
np[2,9]_np_np-hd -> np-hd(dt[2,2]_dt_art-hd-nom.sg.fem jj[3,3]_jj_adja-hd-pos.nom.sg.fem nn[4,4]_nn_nn-hd-nom.sg.fem pp[5,9]_pp_pp-pg\/n) # 4.329569

Dequeues tree 
Tree: np-hd(art-hd-acc.sg.fem(eine) adja-hd-pos.acc.sg.fem(hohe) nn-hd-acc.sg.fem(anzahl) np-ag(art-hd-gen.pl.masc(der) nn-hd-gen.pl.masc(teilnehmer) pp-mnr\/n(appr-ac\/dat\/in(in) art-hd-dat.sg.fem(der) nn-hd-dat.sg.fem(bevölkerung)))) 
RunWeight: 29.071003 
Delta weight: 102.440833 
Resulting state: np[2,9]_np_np-hd
For rule 
np[2,9]_np_np-hd -> np-hd(dt[2,2]_dt_art-hd-acc.sg.fem jj[3,3]_jj_adja-hd-pos.acc.sg.fem nn[4,4]_nn_nn-hd-acc.sg.fem pp[5,9]_pp_np-ag) # 3.424170

Dequeues tree 
Tree: np-hd(art-hd-sg.fem(einer) adja-hd-pos.sg.fem(hohen) nn-hd-sg.fem(zahl) pp-pg\/n(appr-ac\/dat\/von(von) nn-hd-dat.pl.masc(teilnehmern) pp-mnr\/n(appr-ac\/dat\/in(in) art-hd-dat.sg.fem(der) nn-hd-dat.sg.fem(bevölkerung)))) 
RunWeight: 29.256602 
Delta weight: 102.626433 
Resulting state: np[2,9]_np_np-hd
For rule 
np[2,9]_np_np-hd -> np-hd(dt[2,2]_dt_art-hd-sg.fem jj[3,3]_jj_adja-hd-pos.sg.fem nn[4,4]_nn_nn-hd-sg.fem pp[5,9]_pp_pp-pg\/n) # 4.887093

Dequeues tree 
Tree: np-hd(art-hd-nom.sg.fem(eine) adja-hd-pos.nom.sg.fem(hohe) nn-hd-nom.sg.fem(anzahl) pp-pg\/n(appr-ac\/dat\/von(von) nn-hd-dat.pl.masc(teilnehmern) pp-mnr\/n(appr-ac\/dat\/in(in) art-hd-dat.sg.fem(der) nn-hd-dat.sg.fem(bevölkerung)))) 
RunWeight: 29.400815 
Delta weight: 102.770645 
Resulting state: np[2,9]_np_np-hd
For rule 
np[2,9]_np_np-hd -> np-hd(dt[2,2]_dt_art-hd-nom.sg.fem jj[3,3]_jj_adja-hd-pos.nom.sg.fem nn[4,4]_nn_nn-hd-nom.sg.fem pp[5,9]_pp_pp-pg\/n) # 4.329569

Dequeues tree 
Tree: np-hd(art-hd-sg.fem(einer) adja-hd-pos.sg.fem(hohen) nn-hd-sg.fem(zahl) np-ag(art-hd-gen.pl.masc(der) nn-hd-gen.pl.masc(teilnehmer) pp-mnr\/n(appr-ac\/dat\/in(in) art-hd-dat.sg.fem(der) nn-hd-dat.sg.fem(bevölkerung)))) 
RunWeight: 29.589559 
Delta weight: 102.959389 
Resulting state: np[2,9]_np_np-hd
For rule 
np[2,9]_np_np-hd -> np-hd(dt[2,2]_dt_art-hd-sg.fem jj[3,3]_jj_adja-hd-pos.sg.fem nn[4,4]_nn_nn-hd-sg.fem pp[5,9]_pp_np-ag) # 4.492634

Dequeues tree 
Tree: np-hd(art-hd-acc.sg.fem(eine) adja-hd-pos.acc.sg.fem(hohe) nn-hd-acc.sg.fem(zahl) pp-pg\/n(appr-ac\/dat\/von(von) nn-hd-dat.pl.masc(teilnehmern) pp-mnr\/n(appr-ac\/dat\/in(in) art-hd-dat.sg.fem(der) nn-hd-dat.sg.fem(bevölkerung)))) 
RunWeight: 29.628255 
Delta weight: 102.998086 
Resulting state: np[2,9]_np_np-hd
For rule 
np[2,9]_np_np-hd -> np-hd(dt[2,2]_dt_art-hd-acc.sg.fem jj[3,3]_jj_adja-hd-pos.acc.sg.fem nn[4,4]_nn_nn-hd-acc.sg.fem pp[5,9]_pp_pp-pg\/n) # 4.771397

Dequeues tree 
Tree: np-hd(art-hd-acc.sg.fem(eine) adja-hd-pos.acc.sg.fem(hohe) nn-hd-acc.sg.fem(zahl) np-ag(art-hd-gen.pl.masc(der) nn-hd-gen.pl.masc(teilnehmer)) pp-mnr\/n(appr-ac\/dat\/in(in) art-hd-dat.sg.fem(der) nn-hd-dat.sg.fem(bevölkerung))) 
RunWeight: 30.149529 
Delta weight: 103.519359 
Resulting state: np[2,9]_np_np-hd
For rule 
np[2,9]_np_np-hd -> np-hd(dt[2,2]_dt_art-hd-acc.sg.fem jj[3,3]_jj_adja-hd-pos.acc.sg.fem nn[4,4]_nn_nn-hd-acc.sg.fem pp[5,6]_pp_np-ag pp[7,9]_pp_pp-mnr\/n) # 6.338524

Dequeues tree 
Tree: np-hd(art-hd-dat.sg.fem(einer) adja-hd-pos.dat.sg.fem(hoher) nn-hd-dat.sg.fem(zahl) pp-pg\/n(appr-ac\/dat\/von(von) nn-hd-dat.pl.masc(teilnehmern) pp-mnr\/n(appr-ac\/dat\/in(in) art-hd-dat.sg.fem(der) nn-hd-dat.sg.fem(bevölkerung)))) 
RunWeight: 30.217474 
Delta weight: 103.587305 
Resulting state: np[2,9]_np_np-hd
For rule 
np[2,9]_np_np-hd -> np-hd(dt[2,2]_dt_art-hd-dat.sg.fem jj[3,3]_jj_adja-hd-pos.dat.sg.fem nn[4,4]_nn_nn-hd-dat.sg.fem pp[5,9]_pp_pp-pg\/n) # 4.364562

Dequeues tree 
Tree: np-hd(art-hd-acc.sg.fem(eine) adja-hd-pos.acc.sg.fem(hohe) nn-hd-acc.sg.fem(reihe) np-ag(art-hd-gen.pl.masc(der) nn-hd-gen.pl.masc(teilnehmer) pp-mnr\/n(appr-ac\/dat\/in(in) art-hd-dat.sg.fem(der) nn-hd-dat.sg.fem(bevölkerung)))) 
RunWeight: 29.072072 
Delta weight: 102.441902 
Resulting state: np[2,9]_np_np-hd
For rule 
np[2,9]_np_np-hd -> np-hd(dt[2,2]_dt_art-hd-acc.sg.fem jj[3,3]_jj_adja-hd-pos.acc.sg.fem nn[4,4]_nn_nn-hd-acc.sg.fem pp[5,9]_pp_np-ag) # 3.424170

AJAJ: current weight=30.217474 new weight=29.072072 for state np[2,9]_np_np-hd